<?xml version="1.0" encoding="UTF-8"?>
<!-- Generated by org.testng.reporters.JUnitXMLReporter -->
<testsuite ignored="0" hostname="Swai" failures="0" tests="2" name="BankingApp Test" time="13.095" errors="0" timestamp="24 Sep 2021 12:45:25 GMT">
  <testcase classname="com.InetBanking.testCases.TC_LoginTest_001" name="LogicTest" time="2.57"/>
  <testcase classname="com.InetBanking.testCases.TC_LoginDDT_002" name="loginDDT" time="0.0">
    <skipped/>
  </testcase> <!-- loginDDT -->
</testsuite> <!-- BankingApp Test -->
