<?xml version="1.0" encoding="UTF-8"?>
<!-- Generated by org.testng.reporters.JUnitXMLReporter -->
<testsuite hostname="Swai" failures="1" tests="1" name="Reading details from the udemy Page" time="8.442" errors="0" timestamp="24 Sep 2021 05:32:30 GMT">
  <testcase classname="com.InetBanking.testCases.TC_LoginTest_001" name="LogicTest" time="3.028">
    <failure type="java.lang.AssertionError" message="expected [true] but found [false]">
      <![CDATA[java.lang.AssertionError: expected [true] but found [false]
	at com.InetBanking.testCases.TC_LoginTest_001.LogicTest(TC_LoginTest_001.java:35)
... Removed 28 stack frames]]>
    </failure>
  </testcase> <!-- LogicTest -->
</testsuite> <!-- Reading details from the udemy Page -->
